Base path: E:/Unity/2018.4.27f1/Editor/Data
Cmd: initializeCompiler
Cmd: compileComputeKernel
  api=4 insize=1226 outsize=781 ok=1
Cmd: compileComputeKernel
  api=4 insize=5022 outsize=4101 ok=1
Cmd: compileComputeKernel
  api=4 insize=3532 outsize=2681 ok=1
Cmd: compileComputeKernel
  api=4 insize=18731 outsize=8681 ok=1
Cmd: compileComputeKernel
  api=4 insize=2953 outsize=353 ok=1
Cmd: compileComputeKernel
  api=4 insize=1864 outsize=1389 ok=1
Cmd: compileComputeKernel
  api=4 insize=1505 outsize=1461 ok=1
Cmd: compileComputeKernel
  api=4 insize=2120 outsize=1037 ok=1
Cmd: initializeCompiler
Cmd: initializeCompiler
Cmd: initializeCompiler
Cmd: initializeCompiler
Cmd: initializeCompiler
Cmd: initializeCompiler
Cmd: initializeCompiler
Unhandled exception: Protocol error - unexpected end of data (did the Editor crash?)

Quitting shader compiler process
